<?xml version="1.0" encoding="UTF-8"?>
<!-- Generated by org.testng.reporters.JUnitReportReporter -->
<testsuite hostname="DESKTOP-UENAQ44" failures="0" tests="1" name="automation.TestAutomationFramework.test.FlightBookingTest" time="16.533" errors="0" timestamp="2022-08-08T09:52:02 GST" skipped="0">
  <testcase classname="automation.TestAutomationFramework.test.FlightBookingTest" name="Oneway_Business" time="16.533"/>
  <system-out/>
</testsuite> <!-- automation.TestAutomationFramework.test.FlightBookingTest -->
