<?xml version="1.0" encoding="UTF-8"?>
<!-- Generated by org.testng.reporters.JUnitReportReporter -->
<testsuite hostname="DESKTOP-UENAQ44" failures="0" tests="1" name="automation.TestAutomationFramework.test.Registration" time="12.859" errors="0" timestamp="2022-08-05T21:11:16 GST" skipped="0">
  <testcase classname="automation.TestAutomationFramework.test.Registration" name="registerUser_ValidCase" time="12.859"/>
  <system-out/>
</testsuite> <!-- automation.TestAutomationFramework.test.Registration -->
