<?xml version="1.0" encoding="UTF-8"?>
<!-- Generated by org.testng.reporters.JUnitReportReporter -->
<testsuite hostname="DESKTOP-UENAQ44" failures="0" tests="2" name="automation.TestAutomationFramework.test.RegistrationTest_TC201" time="26.993" errors="0" timestamp="2022-08-09T14:08:24 GST" skipped="0">
  <testcase classname="automation.TestAutomationFramework.test.RegistrationTest_TC201" name="userRegistration" time="13.201"/>
  <system-out/>
  <testcase classname="automation.TestAutomationFramework.test.RegistrationTest_TC201" name="userRegistration" time="13.792"/>
  <system-out/>
</testsuite> <!-- automation.TestAutomationFramework.test.RegistrationTest_TC201 -->
